  main.cpp
C:\Users\auden\Desktop\JNCPPNET\MK2-UNN\src\structure.h(82): error C2548: 'Matrix::NeuralNetwork::Convolutional': missing default argument for parameter 7
C:\Users\auden\Desktop\JNCPPNET\MK2-UNN\src\handle_trainables.h(13,1): error C2628: 'Matrix::NeuralNetwork' followed by 'int' is illegal (did you forget a ';'?)
C:\Users\auden\Desktop\JNCPPNET\MK2-UNN\src\handle_trainables.h(13,66): error C3254: 'Matrix': class contains explicit override 'get_norm_layer_outputs' but does not derive from an interface that contains the function declaration
C:\Users\auden\Desktop\JNCPPNET\MK2-UNN\src\handle_trainables.h(13,66): error C2838: 'get_norm_layer_outputs': illegal qualified name in member declaration
C:\Users\auden\Desktop\JNCPPNET\MK2-UNN\src\handle_trainables.h(39,93): error C3254: 'Matrix': class contains explicit override 'handle_trainables' but does not derive from an interface that contains the function declaration
C:\Users\auden\Desktop\JNCPPNET\MK2-UNN\src\handle_trainables.h(39,93): error C2838: 'handle_trainables': illegal qualified name in member declaration
C:\Users\auden\Desktop\JNCPPNET\MK2-UNN\src\methods.h(4,52): error C3254: 'Matrix': class contains explicit override 'InputLayer' but does not derive from an interface that contains the function declaration
C:\Users\auden\Desktop\JNCPPNET\MK2-UNN\src\methods.h(4,52): error C2838: 'InputLayer': illegal qualified name in member declaration
C:\Users\auden\Desktop\JNCPPNET\MK2-UNN\src\methods.h(8,78): error C3254: 'Matrix': class contains explicit override 'OutputLayer' but does not derive from an interface that contains the function declaration
C:\Users\auden\Desktop\JNCPPNET\MK2-UNN\src\methods.h(8,78): error C2838: 'OutputLayer': illegal qualified name in member declaration
C:\Users\auden\Desktop\JNCPPNET\MK2-UNN\src\methods.h(13,44): error C3254: 'Matrix': class contains explicit override 'InitializeParameters' but does not derive from an interface that contains the function declaration
C:\Users\auden\Desktop\JNCPPNET\MK2-UNN\src\methods.h(13,44): error C2838: 'InitializeParameters': illegal qualified name in member declaration
C:\Users\auden\Desktop\JNCPPNET\MK2-UNN\src\methods.h(23,89): error C3254: 'Matrix': class contains explicit override 'FullyConnected' but does not derive from an interface that contains the function declaration
C:\Users\auden\Desktop\JNCPPNET\MK2-UNN\src\methods.h(23,89): error C2838: 'FullyConnected': illegal qualified name in member declaration
C:\Users\auden\Desktop\JNCPPNET\MK2-UNN\src\methods.h(29,203): error C3254: 'Matrix': class contains explicit override 'Convolutional' but does not derive from an interface that contains the function declaration
C:\Users\auden\Desktop\JNCPPNET\MK2-UNN\src\methods.h(29,203): error C2838: 'Convolutional': illegal qualified name in member declaration
C:\Users\auden\Desktop\JNCPPNET\MK2-UNN\src\methods.h(41,137): error C3254: 'Matrix': class contains explicit override 'MaxPool' but does not derive from an interface that contains the function declaration
C:\Users\auden\Desktop\JNCPPNET\MK2-UNN\src\methods.h(41,137): error C2838: 'MaxPool': illegal qualified name in member declaration
C:\Users\auden\Desktop\JNCPPNET\MK2-UNN\src\methods.h(49,137): error C3254: 'Matrix': class contains explicit override 'AvgPool' but does not derive from an interface that contains the function declaration
C:\Users\auden\Desktop\JNCPPNET\MK2-UNN\src\methods.h(49,137): error C2838: 'AvgPool': illegal qualified name in member declaration
C:\Users\auden\Desktop\JNCPPNET\MK2-UNN\src\methods.h(57,53): error C3254: 'Matrix': class contains explicit override 'GlobAvgPool' but does not derive from an interface that contains the function declaration
C:\Users\auden\Desktop\JNCPPNET\MK2-UNN\src\methods.h(57,53): error C2838: 'GlobAvgPool': illegal qualified name in member declaration
C:\Users\auden\Desktop\JNCPPNET\MK2-UNN\src\methods.h(62,199): error C3254: 'Matrix': class contains explicit override 'LocalResponseNormalization' but does not derive from an interface that contains the function declaration
C:\Users\auden\Desktop\JNCPPNET\MK2-UNN\src\methods.h(62,199): error C2838: 'LocalResponseNormalization': illegal qualified name in member declaration
C:\Users\auden\Desktop\JNCPPNET\MK2-UNN\src\methods.h(81,98): error C3254: 'Matrix': class contains explicit override 'BatchNormalization' but does not derive from an interface that contains the function declaration
C:\Users\auden\Desktop\JNCPPNET\MK2-UNN\src\methods.h(81,98): error C2838: 'BatchNormalization': illegal qualified name in member declaration
C:\Users\auden\Desktop\JNCPPNET\MK2-UNN\src\fcl.h(4,1): error C2059: syntax error: 'namespace'
C:\Users\auden\Desktop\JNCPPNET\MK2-UNN\src\fcl.h(4,27): error C2334: unexpected token(s) preceding '{'; skipping apparent function body
C:\Users\auden\Desktop\JNCPPNET\MK2-UNN\src\cnv.h(9,1): error C2059: syntax error: 'namespace'
C:\Users\auden\Desktop\JNCPPNET\MK2-UNN\src\cnv.h(9,15): error C2334: unexpected token(s) preceding '{'; skipping apparent function body
C:\Users\auden\Desktop\JNCPPNET\MK2-UNN\src\lrn.h(9,1): error C2059: syntax error: 'namespace'
C:\Users\auden\Desktop\JNCPPNET\MK2-UNN\src\lrn.h(9,15): error C2334: unexpected token(s) preceding '{'; skipping apparent function body
C:\Users\auden\Desktop\JNCPPNET\MK2-UNN\src\bnt.h(11,1): error C2059: syntax error: 'namespace'
C:\Users\auden\Desktop\JNCPPNET\MK2-UNN\src\bnt.h(11,15): error C2334: unexpected token(s) preceding '{'; skipping apparent function body
C:\Users\auden\Desktop\JNCPPNET\MK2-UNN\src\predict.h(4,99): error C3254: 'Matrix': class contains explicit override 'Predict' but does not derive from an interface that contains the function declaration
C:\Users\auden\Desktop\JNCPPNET\MK2-UNN\src\predict.h(4,99): error C2838: 'Predict': illegal qualified name in member declaration
C:\Users\auden\Desktop\JNCPPNET\MK2-UNN\src\predict.h(10,130): error C3254: 'Matrix': class contains explicit override 'feed_forward_all_template' but does not derive from an interface that contains the function declaration
C:\Users\auden\Desktop\JNCPPNET\MK2-UNN\src\predict.h(10,130): error C2838: 'feed_forward_all_template': illegal qualified name in member declaration
C:\Users\auden\Desktop\JNCPPNET\MK2-UNN\src\train.h(4,189): error C3254: 'Matrix': class contains explicit override 'Train' but does not derive from an interface that contains the function declaration
C:\Users\auden\Desktop\JNCPPNET\MK2-UNN\src\train.h(4,189): error C2838: 'Train': illegal qualified name in member declaration
C:\Users\auden\Desktop\JNCPPNET\MK2-UNN\src\train.h(4): error C2548: 'Matrix::Train': missing default argument for parameter 4
C:\Users\auden\Desktop\JNCPPNET\MK2-UNN\src\train.h(4): error C2548: 'Matrix::Train': missing default argument for parameter 5
C:\Users\auden\Desktop\JNCPPNET\MK2-UNN\src\train.h(4): error C2548: 'Matrix::Train': missing default argument for parameter 6
C:\Users\auden\Desktop\JNCPPNET\MK2-UNN\cstmlib\matrix.h(14): fatal error C1075: '{': no matching token found
